{"/Users/fernando/projects/be-assignment-2/src/index.ts": {"path":"/Users/fernando/projects/be-assignment-2/src/index.ts","statementMap":{"0":{"start":{"line":1,"column":0},"end":{"line":1,"column":30}},"1":{"start":{"line":2,"column":0},"end":{"line":2,"column":37}},"2":{"start":{"line":3,"column":0},"end":{"line":3,"column":33}},"3":{"start":{"line":4,"column":0},"end":{"line":4,"column":30}},"4":{"start":{"line":5,"column":0},"end":{"line":5,"column":25}},"5":{"start":{"line":6,"column":0},"end":{"line":6,"column":29}},"6":{"start":{"line":8,"column":0},"end":{"line":8,"column":16}},"7":{"start":{"line":10,"column":12},"end":{"line":10,"column":21}},"8":{"start":{"line":11,"column":0},"end":{"line":11,"column":27}},"9":{"start":{"line":12,"column":13},"end":{"line":12,"column":17}},"10":{"start":{"line":14,"column":17},"end":{"line":14,"column":52}},"11":{"start":{"line":15,"column":0},"end":{"line":20,"column":3}},"12":{"start":{"line":16,"column":2},"end":{"line":19,"column":6}},"13":{"start":{"line":17,"column":23},"end":{"line":17,"column":58}},"14":{"start":{"line":18,"column":4},"end":{"line":18,"column":32}},"15":{"start":{"line":22,"column":0},"end":{"line":25,"column":3}},"16":{"start":{"line":23,"column":2},"end":{"line":23,"column":26}},"17":{"start":{"line":24,"column":2},"end":{"line":24,"column":null}},"18":{"start":{"line":27,"column":0},"end":{"line":27,"column":19}}},"fnMap":{"0":{"name":"(anonymous_7)","decl":{"start":{"line":15,"column":21},"end":{"line":15,"column":26}},"loc":{"start":{"line":15,"column":42},"end":{"line":20,"column":1}}},"1":{"name":"(anonymous_8)","decl":{"start":{"line":16,"column":30},"end":{"line":16,"column":35}},"loc":{"start":{"line":16,"column":45},"end":{"line":19,"column":3}}},"2":{"name":"(anonymous_9)","decl":{"start":{"line":17,"column":23},"end":{"line":17,"column":36}},"loc":{"start":{"line":17,"column":23},"end":{"line":17,"column":58}}},"3":{"name":"(anonymous_10)","decl":{"start":{"line":22,"column":17},"end":{"line":22,"column":22}},"loc":{"start":{"line":22,"column":28},"end":{"line":25,"column":1}}}},"branchMap":{},"s":{"0":1,"1":1,"2":1,"3":1,"4":1,"5":1,"6":1,"7":1,"8":1,"9":1,"10":1,"11":1,"12":1,"13":6,"14":3,"15":1,"16":1,"17":1,"18":1},"f":{"0":1,"1":3,"2":3,"3":1},"b":{}}
,"/Users/fernando/projects/be-assignment-2/src/prisma.ts": {"path":"/Users/fernando/projects/be-assignment-2/src/prisma.ts","statementMap":{"0":{"start":{"line":1,"column":0},"end":{"line":1,"column":46}},"1":{"start":{"line":3,"column":15},"end":{"line":3,"column":33}},"2":{"start":{"line":5,"column":0},"end":{"line":5,"column":22}}},"fnMap":{},"branchMap":{},"s":{"0":1,"1":1,"2":1},"f":{},"b":{}}
,"/Users/fernando/projects/be-assignment-2/src/controller/organization.ts": {"path":"/Users/fernando/projects/be-assignment-2/src/controller/organization.ts","statementMap":{"0":{"start":{"line":1,"column":0},"end":{"line":1,"column":52}},"1":{"start":{"line":2,"column":0},"end":{"line":2,"column":31}},"2":{"start":{"line":4,"column":15},"end":{"line":4,"column":23}},"3":{"start":{"line":6,"column":0},"end":{"line":23,"column":3}},"4":{"start":{"line":7,"column":4},"end":{"line":20,"column":7}},"5":{"start":{"line":22,"column":4},"end":{"line":22,"column":27}},"6":{"start":{"line":25,"column":0},"end":{"line":37,"column":3}},"7":{"start":{"line":26,"column":16},"end":{"line":30,"column":6}},"8":{"start":{"line":32,"column":4},"end":{"line":34,"column":null}},"9":{"start":{"line":33,"column":8},"end":{"line":33,"column":22}},"10":{"start":{"line":36,"column":4},"end":{"line":36,"column":27}},"11":{"start":{"line":39,"column":0},"end":{"line":39,"column":22}}},"fnMap":{"0":{"name":"(anonymous_1)","decl":{"start":{"line":6,"column":29},"end":{"line":6,"column":34}},"loc":{"start":{"line":6,"column":67},"end":{"line":23,"column":1}}},"1":{"name":"(anonymous_2)","decl":{"start":{"line":25,"column":33},"end":{"line":25,"column":38}},"loc":{"start":{"line":25,"column":71},"end":{"line":37,"column":1}}}},"branchMap":{"0":{"loc":{"start":{"line":32,"column":4},"end":{"line":34,"column":null}},"type":"if","locations":[{"start":{"line":32,"column":4},"end":{"line":34,"column":null}}]}},"s":{"0":1,"1":1,"2":1,"3":1,"4":4,"5":4,"6":1,"7":1,"8":1,"9":1,"10":1,"11":1},"f":{"0":4,"1":1},"b":{"0":[1]}}
,"/Users/fernando/projects/be-assignment-2/src/controller/pack.ts": {"path":"/Users/fernando/projects/be-assignment-2/src/controller/pack.ts","statementMap":{"0":{"start":{"line":1,"column":0},"end":{"line":1,"column":52}},"1":{"start":{"line":2,"column":0},"end":{"line":2,"column":31}},"2":{"start":{"line":3,"column":0},"end":{"line":3,"column":46}},"3":{"start":{"line":5,"column":15},"end":{"line":5,"column":23}},"4":{"start":{"line":7,"column":15},"end":{"line":18,"column":1}},"5":{"start":{"line":8,"column":4},"end":{"line":17,"column":null}},"6":{"start":{"line":10,"column":12},"end":{"line":10,"column":24}},"7":{"start":{"line":12,"column":12},"end":{"line":12,"column":24}},"8":{"start":{"line":14,"column":12},"end":{"line":14,"column":24}},"9":{"start":{"line":16,"column":12},"end":{"line":16,"column":53}},"10":{"start":{"line":20,"column":0},"end":{"line":47,"column":3}},"11":{"start":{"line":21,"column":4},"end":{"line":23,"column":null}},"12":{"start":{"line":22,"column":8},"end":{"line":22,"column":112}},"13":{"start":{"line":25,"column":16},"end":{"line":25,"column":54}},"14":{"start":{"line":27,"column":18},"end":{"line":29,"column":37}},"15":{"start":{"line":31,"column":22},"end":{"line":31,"column":24}},"16":{"start":{"line":32,"column":4},"end":{"line":44,"column":null}},"17":{"start":{"line":33,"column":8},"end":{"line":41,"column":11}},"18":{"start":{"line":34,"column":22},"end":{"line":34,"column":23}},"19":{"start":{"line":35,"column":12},"end":{"line":39,"column":15}},"20":{"start":{"line":36,"column":16},"end":{"line":38,"column":42}},"21":{"start":{"line":40,"column":12},"end":{"line":40,"column":31}},"22":{"start":{"line":43,"column":8},"end":{"line":43,"column":58}},"23":{"start":{"line":46,"column":4},"end":{"line":46,"column":21}},"24":{"start":{"line":49,"column":0},"end":{"line":49,"column":22}}},"fnMap":{"0":{"name":"(anonymous_1)","decl":{"start":{"line":7,"column":15},"end":{"line":7,"column":16}},"loc":{"start":{"line":7,"column":38},"end":{"line":18,"column":1}}},"1":{"name":"(anonymous_2)","decl":{"start":{"line":20,"column":27},"end":{"line":20,"column":32}},"loc":{"start":{"line":20,"column":65},"end":{"line":47,"column":1}}},"2":{"name":"(anonymous_3)","decl":{"start":{"line":33,"column":22},"end":{"line":33,"column":23}},"loc":{"start":{"line":33,"column":31},"end":{"line":41,"column":9}}},"3":{"name":"(anonymous_4)","decl":{"start":{"line":35,"column":24},"end":{"line":35,"column":25}},"loc":{"start":{"line":35,"column":33},"end":{"line":39,"column":13}}}},"branchMap":{"0":{"loc":{"start":{"line":8,"column":4},"end":{"line":17,"column":null}},"type":"switch","locations":[{"start":{"line":9,"column":8},"end":{"line":10,"column":24}},{"start":{"line":11,"column":8},"end":{"line":12,"column":24}},{"start":{"line":13,"column":8},"end":{"line":14,"column":24}},{"start":{"line":15,"column":8},"end":{"line":16,"column":53}}]},"1":{"loc":{"start":{"line":21,"column":4},"end":{"line":23,"column":null}},"type":"if","locations":[{"start":{"line":21,"column":4},"end":{"line":23,"column":null}}]},"2":{"loc":{"start":{"line":27,"column":18},"end":{"line":29,"column":37}},"type":"cond-expr","locations":[{"start":{"line":28,"column":10},"end":{"line":28,"column":37}},{"start":{"line":29,"column":10},"end":{"line":29,"column":37}}]},"3":{"loc":{"start":{"line":36,"column":23},"end":{"line":38,"column":41}},"type":"cond-expr","locations":[{"start":{"line":37,"column":22},"end":{"line":37,"column":91}},{"start":{"line":38,"column":22},"end":{"line":38,"column":41}}]}},"s":{"0":1,"1":1,"2":1,"3":1,"4":1,"5":8,"6":3,"7":1,"8":4,"9":0,"10":1,"11":1,"12":0,"13":1,"14":1,"15":1,"16":1,"17":1,"18":1,"19":1,"20":5,"21":1,"22":0,"23":1,"24":1},"f":{"0":8,"1":1,"2":1,"3":5},"b":{"0":[3,1,4,0],"1":[0],"2":[0,1],"3":[4,1]}}
,"/Users/fernando/projects/be-assignment-2/src/controller/shipment.ts": {"path":"/Users/fernando/projects/be-assignment-2/src/controller/shipment.ts","statementMap":{"0":{"start":{"line":2,"column":0},"end":{"line":2,"column":52}},"1":{"start":{"line":3,"column":0},"end":{"line":3,"column":31}},"2":{"start":{"line":5,"column":15},"end":{"line":5,"column":23}},"3":{"start":{"line":7,"column":0},"end":{"line":63,"column":3}},"4":{"start":{"line":8,"column":17},"end":{"line":14,"column":6}},"5":{"start":{"line":16,"column":4},"end":{"line":60,"column":7}},"6":{"start":{"line":25,"column":20},"end":{"line":31,"column":null}},"7":{"start":{"line":41,"column":20},"end":{"line":47,"column":null}},"8":{"start":{"line":53,"column":20},"end":{"line":56,"column":null}},"9":{"start":{"line":62,"column":4},"end":{"line":62,"column":27}},"10":{"start":{"line":65,"column":0},"end":{"line":117,"column":3}},"11":{"start":{"line":66,"column":14},"end":{"line":82,"column":6}},"12":{"start":{"line":84,"column":4},"end":{"line":87,"column":null}},"13":{"start":{"line":85,"column":8},"end":{"line":85,"column":31}},"14":{"start":{"line":86,"column":8},"end":{"line":86,"column":15}},"15":{"start":{"line":97,"column":32},"end":{"line":114,"column":null}},"16":{"start":{"line":101,"column":12},"end":{"line":101,"column":41}},"17":{"start":{"line":106,"column":16},"end":{"line":111,"column":null}},"18":{"start":{"line":116,"column":4},"end":{"line":116,"column":23}},"19":{"start":{"line":119,"column":0},"end":{"line":119,"column":22}}},"fnMap":{"0":{"name":"(anonymous_1)","decl":{"start":{"line":7,"column":25},"end":{"line":7,"column":30}},"loc":{"start":{"line":7,"column":63},"end":{"line":63,"column":1}}},"1":{"name":"(anonymous_2)","decl":{"start":{"line":24,"column":33},"end":{"line":24,"column":34}},"loc":{"start":{"line":24,"column":55},"end":{"line":32,"column":17}}},"2":{"name":"(anonymous_3)","decl":{"start":{"line":40,"column":33},"end":{"line":40,"column":34}},"loc":{"start":{"line":40,"column":55},"end":{"line":48,"column":17}}},"3":{"name":"(anonymous_4)","decl":{"start":{"line":52,"column":58},"end":{"line":52,"column":59}},"loc":{"start":{"line":52,"column":72},"end":{"line":57,"column":17}}},"4":{"name":"(anonymous_5)","decl":{"start":{"line":65,"column":38},"end":{"line":65,"column":43}},"loc":{"start":{"line":65,"column":76},"end":{"line":117,"column":1}}},"5":{"name":"(anonymous_6)","decl":{"start":{"line":100,"column":79},"end":{"line":100,"column":80}},"loc":{"start":{"line":100,"column":87},"end":{"line":102,"column":9}}},"6":{"name":"(anonymous_7)","decl":{"start":{"line":105,"column":77},"end":{"line":105,"column":78}},"loc":{"start":{"line":105,"column":91},"end":{"line":112,"column":13}}}},"branchMap":{"0":{"loc":{"start":{"line":84,"column":4},"end":{"line":87,"column":null}},"type":"if","locations":[{"start":{"line":84,"column":4},"end":{"line":87,"column":null}}]},"1":{"loc":{"start":{"line":98,"column":14},"end":{"line":98,"column":23}},"type":"cond-expr","locations":[{"start":{"line":98,"column":17},"end":{"line":98,"column":19}},{"start":{"line":98,"column":14},"end":{"line":98,"column":23}}]},"2":{"loc":{"start":{"line":98,"column":14},"end":{"line":98,"column":19}},"type":"binary-expr","locations":[{"start":{"line":98,"column":14},"end":{"line":98,"column":19}},{"start":{"line":98,"column":14},"end":{"line":98,"column":19}}]},"3":{"loc":{"start":{"line":99,"column":21},"end":{"line":99,"column":37}},"type":"cond-expr","locations":[{"start":{"line":99,"column":24},"end":{"line":99,"column":26}},{"start":{"line":99,"column":21},"end":{"line":99,"column":37}}]},"4":{"loc":{"start":{"line":99,"column":21},"end":{"line":99,"column":26}},"type":"binary-expr","locations":[{"start":{"line":99,"column":21},"end":{"line":99,"column":26}},{"start":{"line":99,"column":21},"end":{"line":99,"column":26}}]},"5":{"loc":{"start":{"line":100,"column":23},"end":{"line":102,"column":22}},"type":"cond-expr","locations":[{"start":{"line":100,"column":57},"end":{"line":102,"column":10}},{"start":{"line":102,"column":13},"end":{"line":102,"column":22}}]},"6":{"loc":{"start":{"line":100,"column":23},"end":{"line":100,"column":41}},"type":"cond-expr","locations":[{"start":{"line":100,"column":26},"end":{"line":100,"column":28}},{"start":{"line":100,"column":23},"end":{"line":100,"column":41}}]},"7":{"loc":{"start":{"line":100,"column":23},"end":{"line":100,"column":28}},"type":"binary-expr","locations":[{"start":{"line":100,"column":23},"end":{"line":100,"column":28}},{"start":{"line":100,"column":23},"end":{"line":100,"column":28}}]},"8":{"loc":{"start":{"line":103,"column":30},"end":{"line":103,"column":55}},"type":"cond-expr","locations":[{"start":{"line":103,"column":33},"end":{"line":103,"column":35}},{"start":{"line":103,"column":30},"end":{"line":103,"column":55}}]},"9":{"loc":{"start":{"line":103,"column":30},"end":{"line":103,"column":35}},"type":"binary-expr","locations":[{"start":{"line":103,"column":30},"end":{"line":103,"column":35}},{"start":{"line":103,"column":30},"end":{"line":103,"column":35}}]},"10":{"loc":{"start":{"line":105,"column":19},"end":{"line":112,"column":19}},"type":"cond-expr","locations":[{"start":{"line":105,"column":54},"end":{"line":112,"column":14}},{"start":{"line":112,"column":17},"end":{"line":112,"column":19}}]},"11":{"loc":{"start":{"line":105,"column":19},"end":{"line":105,"column":38}},"type":"cond-expr","locations":[{"start":{"line":105,"column":22},"end":{"line":105,"column":24}},{"start":{"line":105,"column":19},"end":{"line":105,"column":38}}]},"12":{"loc":{"start":{"line":105,"column":19},"end":{"line":105,"column":24}},"type":"binary-expr","locations":[{"start":{"line":105,"column":19},"end":{"line":105,"column":24}},{"start":{"line":105,"column":19},"end":{"line":105,"column":24}}]}},"s":{"0":1,"1":1,"2":1,"3":1,"4":8,"5":8,"6":10,"7":10,"8":7,"9":8,"10":1,"11":1,"12":1,"13":0,"14":0,"15":1,"16":1,"17":1,"18":1,"19":1},"f":{"0":8,"1":10,"2":10,"3":7,"4":1,"5":1,"6":1},"b":{"0":[0],"1":[0,1],"2":[1,1],"3":[0,1],"4":[1,1],"5":[1,0],"6":[0,1],"7":[1,1],"8":[0,1],"9":[1,1],"10":[1,0],"11":[0,1],"12":[1,1]}}
,"/Users/fernando/projects/be-assignment-2/tests/messages.ts": {"path":"/Users/fernando/projects/be-assignment-2/tests/messages.ts","statementMap":{"0":{"start":{"line":1,"column":13},"end":{"line":141,"column":null}}},"fnMap":{},"branchMap":{},"s":{"0":1},"f":{},"b":{}}
}
