TN:
SF:src/index.ts
FN:15,(anonymous_7)
FN:16,(anonymous_8)
FN:17,(anonymous_9)
FN:22,(anonymous_10)
FNF:4
FNH:4
FNDA:1,(anonymous_7)
FNDA:3,(anonymous_8)
FNDA:3,(anonymous_9)
FNDA:1,(anonymous_10)
DA:1,1
DA:2,1
DA:3,1
DA:4,1
DA:5,1
DA:6,1
DA:8,1
DA:10,1
DA:11,1
DA:12,1
DA:14,1
DA:15,1
DA:16,1
DA:17,6
DA:18,3
DA:22,1
DA:23,1
DA:24,1
DA:27,1
LF:19
LH:19
BRF:0
BRH:0
end_of_record
TN:
SF:src/prisma.ts
FNF:0
FNH:0
DA:1,1
DA:3,1
DA:5,1
LF:3
LH:3
BRF:0
BRH:0
end_of_record
TN:
SF:src/controller/organization.ts
FN:6,(anonymous_1)
FN:25,(anonymous_2)
FNF:2
FNH:2
FNDA:4,(anonymous_1)
FNDA:1,(anonymous_2)
DA:1,1
DA:2,1
DA:4,1
DA:6,1
DA:7,4
DA:22,4
DA:25,1
DA:26,1
DA:32,1
DA:33,1
DA:36,1
DA:39,1
LF:12
LH:12
BRDA:32,0,0,1
BRF:1
BRH:1
end_of_record
TN:
SF:src/controller/pack.ts
FN:7,(anonymous_1)
FN:20,(anonymous_2)
FN:33,(anonymous_3)
FN:35,(anonymous_4)
FNF:4
FNH:4
FNDA:8,(anonymous_1)
FNDA:1,(anonymous_2)
FNDA:1,(anonymous_3)
FNDA:5,(anonymous_4)
DA:1,1
DA:2,1
DA:3,1
DA:5,1
DA:7,1
DA:8,8
DA:10,3
DA:12,1
DA:14,4
DA:16,0
DA:20,1
DA:21,1
DA:22,0
DA:25,1
DA:27,1
DA:31,1
DA:32,1
DA:33,1
DA:34,1
DA:35,1
DA:36,5
DA:40,1
DA:43,0
DA:46,1
DA:49,1
LF:25
LH:22
BRDA:8,0,0,3
BRDA:8,0,1,1
BRDA:8,0,2,4
BRDA:8,0,3,0
BRDA:21,1,0,0
BRDA:27,2,0,0
BRDA:27,2,1,1
BRDA:36,3,0,4
BRDA:36,3,1,1
BRF:9
BRH:6
end_of_record
TN:
SF:src/controller/shipment.ts
FN:7,(anonymous_1)
FN:24,(anonymous_2)
FN:40,(anonymous_3)
FN:52,(anonymous_4)
FN:65,(anonymous_5)
FN:100,(anonymous_6)
FN:105,(anonymous_7)
FNF:7
FNH:7
FNDA:8,(anonymous_1)
FNDA:10,(anonymous_2)
FNDA:10,(anonymous_3)
FNDA:7,(anonymous_4)
FNDA:1,(anonymous_5)
FNDA:1,(anonymous_6)
FNDA:1,(anonymous_7)
DA:2,1
DA:3,1
DA:5,1
DA:7,1
DA:8,8
DA:16,8
DA:25,10
DA:41,10
DA:53,7
DA:62,8
DA:65,1
DA:66,1
DA:84,1
DA:85,0
DA:86,0
DA:97,1
DA:101,1
DA:106,1
DA:116,1
DA:119,1
LF:20
LH:18
BRDA:84,0,0,0
BRDA:98,1,0,0
BRDA:98,1,1,1
BRDA:98,2,0,1
BRDA:98,2,1,1
BRDA:99,3,0,0
BRDA:99,3,1,1
BRDA:99,4,0,1
BRDA:99,4,1,1
BRDA:100,5,0,1
BRDA:100,5,1,0
BRDA:100,6,0,0
BRDA:100,6,1,1
BRDA:100,7,0,1
BRDA:100,7,1,1
BRDA:103,8,0,0
BRDA:103,8,1,1
BRDA:103,9,0,1
BRDA:103,9,1,1
BRDA:105,10,0,1
BRDA:105,10,1,0
BRDA:105,11,0,0
BRDA:105,11,1,1
BRDA:105,12,0,1
BRDA:105,12,1,1
BRF:25
BRH:17
end_of_record
TN:
SF:tests/messages.ts
FNF:0
FNH:0
DA:1,1
LF:1
LH:1
BRF:0
BRH:0
end_of_record
